[2019-12-16 20:00:03] main.CRITICAL: PDOException: SQLSTATE[40001]: Serialization failure: 1213 Deadlock found when trying to get lock; try restarting transaction in /home/profinallecom/public_html/vendor/magento/zendframework1/library/Zend/Db/Statement/Pdo.php:228
Stack trace:
#0 /home/profinallecom/public_html/vendor/magento/zendframework1/library/Zend/Db/Statement/Pdo.php(228): PDOStatement->execute(Array)
#1 /home/profinallecom/public_html/vendor/magento/framework/DB/Statement/Pdo/Mysql.php(95): Zend_Db_Statement_Pdo->_execute(Array)
#2 /home/profinallecom/public_html/vendor/magento/zendframework1/library/Zend/Db/Statement.php(303): Magento\Framework\DB\Statement\Pdo\Mysql->_execute(Array)
#3 /home/profinallecom/public_html/vendor/magento/zendframework1/library/Zend/Db/Adapter/Abstract.php(480): Zend_Db_Statement->execute(Array)
#4 /home/profinallecom/public_html/vendor/magento/zendframework1/library/Zend/Db/Adapter/Pdo/Abstract.php(238): Zend_Db_Adapter_Abstract->query('DELETE FROM `oa...', Array)
#5 /home/profinallecom/public_html/vendor/magento/framework/DB/Adapter/Pdo/Mysql.php(465): Zend_Db_Adapter_Pdo_Abstract->query('DELETE FROM `oa...', Array)
#6 /home/profinallecom/public_html/vendor/magento/framework/DB/Adapter/Pdo/Mysql.php(520): Magento\Framework\DB\Adapter\Pdo\Mysql->_query('DELETE FROM `oa...', Array)
#7 /home/profinallecom/public_html/vendor/magento/zendframework1/library/Zend/Db/Adapter/Abstract.php(664): Magento\Framework\DB\Adapter\Pdo\Mysql->query('DELETE FROM `oa...')
#8 /home/profinallecom/public_html/vendor/magento/module-integration/Model/ResourceModel/Oauth/Token.php(99): Zend_Db_Adapter_Abstract->delete('oauth_token', '(type = "reques...')
#9 /home/profinallecom/public_html/vendor/magento/module-integration/Model/Oauth/Token.php(139): Magento\Integration\Model\ResourceModel\Oauth\Token->deleteOldEntries(120)
#10 /home/profinallecom/public_html/vendor/magento/framework/Model/ResourceModel/Db/AbstractDb.php(818): Magento\Integration\Model\Oauth\Token->afterSave()
#11 /home/profinallecom/public_html/vendor/magento/framework/Model/ResourceModel/Db/AbstractDb.php(408): Magento\Framework\Model\ResourceModel\Db\AbstractDb->processAfterSaves(Object(Magento\Integration\Model\Oauth\Token))
#12 /home/profinallecom/public_html/vendor/magento/framework/Model/AbstractModel.php(631): Magento\Framework\Model\ResourceModel\Db\AbstractDb->save(Object(Magento\Integration\Model\Oauth\Token))
#13 /home/profinallecom/public_html/vendor/magento/module-integration/Model/Oauth/Token.php(311): Magento\Framework\Model\AbstractModel->save()
#14 /home/profinallecom/public_html/vendor/magento/module-integration/Model/Oauth/Token.php(195): Magento\Integration\Model\Oauth\Token->saveAccessToken(2)
#15 /home/profinallecom/public_html/vendor/magento/module-integration/Model/AdminTokenService.php(95): Magento\Integration\Model\Oauth\Token->createAdminToken('11')
#16 [internal function]: Magento\Integration\Model\AdminTokenService->createAdminAccessToken('integracao', 'int12345')
#17 /home/profinallecom/public_html/vendor/magento/module-webapi/Controller/Rest.php(307): call_user_func_array(Array, Array)
#18 /home/profinallecom/public_html/vendor/magento/module-webapi/Controller/Rest.php(216): Magento\Webapi\Controller\Rest->processApiRequest()
#19 /home/profinallecom/public_html/var/generation/Magento/Webapi/Controller/Rest/Interceptor.php(37): Magento\Webapi\Controller\Rest->dispatch(Object(Magento\Framework\App\Request\Http))
#20 /home/profinallecom/public_html/vendor/magento/framework/App/Http.php(135): Magento\Webapi\Controller\Rest\Interceptor->dispatch(Object(Magento\Framework\App\Request\Http))
#21 /home/profinallecom/public_html/vendor/magento/framework/App/Bootstrap.php(258): Magento\Framework\App\Http->launch()
#22 /home/profinallecom/public_html/index.php(42): Magento\Framework\App\Bootstrap->run(Object(Magento\Framework\App\Http))
#23 {main}

Next Zend_Db_Statement_Exception: SQLSTATE[40001]: Serialization failure: 1213 Deadlock found when trying to get lock; try restarting transaction, query was: DELETE FROM `oauth_token` WHERE (type = "request" AND created_at <= '2019-12-16 18:00:03') in /home/profinallecom/public_html/vendor/magento/zendframework1/library/Zend/Db/Statement/Pdo.php:235
Stack trace:
#0 /home/profinallecom/public_html/vendor/magento/framework/DB/Statement/Pdo/Mysql.php(95): Zend_Db_Statement_Pdo->_execute(Array)
#1 /home/profinallecom/public_html/vendor/magento/zendframework1/library/Zend/Db/Statement.php(303): Magento\Framework\DB\Statement\Pdo\Mysql->_execute(Array)
#2 /home/profinallecom/public_html/vendor/magento/zendframework1/library/Zend/Db/Adapter/Abstract.php(480): Zend_Db_Statement->execute(Array)
#3 /home/profinallecom/public_html/vendor/magento/zendframework1/library/Zend/Db/Adapter/Pdo/Abstract.php(238): Zend_Db_Adapter_Abstract->query('DELETE FROM `oa...', Array)
#4 /home/profinallecom/public_html/vendor/magento/framework/DB/Adapter/Pdo/Mysql.php(465): Zend_Db_Adapter_Pdo_Abstract->query('DELETE FROM `oa...', Array)
#5 /home/profinallecom/public_html/vendor/magento/framework/DB/Adapter/Pdo/Mysql.php(520): Magento\Framework\DB\Adapter\Pdo\Mysql->_query('DELETE FROM `oa...', Array)
#6 /home/profinallecom/public_html/vendor/magento/zendframework1/library/Zend/Db/Adapter/Abstract.php(664): Magento\Framework\DB\Adapter\Pdo\Mysql->query('DELETE FROM `oa...')
#7 /home/profinallecom/public_html/vendor/magento/module-integration/Model/ResourceModel/Oauth/Token.php(99): Zend_Db_Adapter_Abstract->delete('oauth_token', '(type = "reques...')
#8 /home/profinallecom/public_html/vendor/magento/module-integration/Model/Oauth/Token.php(139): Magento\Integration\Model\ResourceModel\Oauth\Token->deleteOldEntries(120)
#9 /home/profinallecom/public_html/vendor/magento/framework/Model/ResourceModel/Db/AbstractDb.php(818): Magento\Integration\Model\Oauth\Token->afterSave()
#10 /home/profinallecom/public_html/vendor/magento/framework/Model/ResourceModel/Db/AbstractDb.php(408): Magento\Framework\Model\ResourceModel\Db\AbstractDb->processAfterSaves(Object(Magento\Integration\Model\Oauth\Token))
#11 /home/profinallecom/public_html/vendor/magento/framework/Model/AbstractModel.php(631): Magento\Framework\Model\ResourceModel\Db\AbstractDb->save(Object(Magento\Integration\Model\Oauth\Token))
#12 /home/profinallecom/public_html/vendor/magento/module-integration/Model/Oauth/Token.php(311): Magento\Framework\Model\AbstractModel->save()
#13 /home/profinallecom/public_html/vendor/magento/module-integration/Model/Oauth/Token.php(195): Magento\Integration\Model\Oauth\Token->saveAccessToken(2)
#14 /home/profinallecom/public_html/vendor/magento/module-integration/Model/AdminTokenService.php(95): Magento\Integration\Model\Oauth\Token->createAdminToken('11')
#15 [internal function]: Magento\Integration\Model\AdminTokenService->createAdminAccessToken('integracao', 'int12345')
#16 /home/profinallecom/public_html/vendor/magento/module-webapi/Controller/Rest.php(307): call_user_func_array(Array, Array)
#17 /home/profinallecom/public_html/vendor/magento/module-webapi/Controller/Rest.php(216): Magento\Webapi\Controller\Rest->processApiRequest()
#18 /home/profinallecom/public_html/var/generation/Magento/Webapi/Controller/Rest/Interceptor.php(37): Magento\Webapi\Controller\Rest->dispatch(Object(Magento\Framework\App\Request\Http))
#19 /home/profinallecom/public_html/vendor/magento/framework/App/Http.php(135): Magento\Webapi\Controller\Rest\Interceptor->dispatch(Object(Magento\Framework\App\Request\Http))
#20 /home/profinallecom/public_html/vendor/magento/framework/App/Bootstrap.php(258): Magento\Framework\App\Http->launch()
#21 /home/profinallecom/public_html/index.php(42): Magento\Framework\App\Bootstrap->run(Object(Magento\Framework\App\Http))
#22 {main}

Next Exception: Report ID: webapi-5df7e243d8074; Message: SQLSTATE[40001]: Serialization failure: 1213 Deadlock found when trying to get lock; try restarting transaction, query was: DELETE FROM `oauth_token` WHERE (type = "request" AND created_at <= '2019-12-16 18:00:03') in /home/profinallecom/public_html/vendor/magento/framework/Webapi/ErrorProcessor.php:195
Stack trace:
#0 /home/profinallecom/public_html/vendor/magento/framework/Webapi/ErrorProcessor.php(139): Magento\Framework\Webapi\ErrorProcessor->_critical(Object(Zend_Db_Statement_Exception))
#1 /home/profinallecom/public_html/vendor/magento/module-webapi/Controller/Rest.php(219): Magento\Framework\Webapi\ErrorProcessor->maskException(Object(Zend_Db_Statement_Exception))
#2 /home/profinallecom/public_html/var/generation/Magento/Webapi/Controller/Rest/Interceptor.php(37): Magento\Webapi\Controller\Rest->dispatch(Object(Magento\Framework\App\Request\Http))
#3 /home/profinallecom/public_html/vendor/magento/framework/App/Http.php(135): Magento\Webapi\Controller\Rest\Interceptor->dispatch(Object(Magento\Framework\App\Request\Http))
#4 /home/profinallecom/public_html/vendor/magento/framework/App/Bootstrap.php(258): Magento\Framework\App\Http->launch()
#5 /home/profinallecom/public_html/index.php(42): Magento\Framework\App\Bootstrap->run(Object(Magento\Framework\App\Http))
#6 {main} [] []
[2020-02-04 19:13:04] main.CRITICAL: Exception: Warning: getimagesize(pub/media/wysiwyg/magento-logo.png): failed to open stream: No such file or directory in /home/profinallecom/public_html/vendor/magento/framework/Image/Adapter/AbstractAdapter.php on line 304 in /home/profinallecom/public_html/vendor/magento/framework/App/ErrorHandler.php:61
Stack trace:
#0 [internal function]: Magento\Framework\App\ErrorHandler->handler(2, 'getimagesize(pu...', '/home/profinall...', 304, Array)
#1 /home/profinallecom/public_html/vendor/magento/framework/Image/Adapter/AbstractAdapter.php(304): getimagesize('pub/media/wysiw...')
#2 /home/profinallecom/public_html/vendor/magento/framework/Image/Adapter/AbstractAdapter.php(289): Magento\Framework\Image\Adapter\AbstractAdapter->getImageType()
#3 /home/profinallecom/public_html/vendor/magento/framework/Image/Adapter/Gd2.php(59): Magento\Framework\Image\Adapter\AbstractAdapter->getMimeType()
#4 /home/profinallecom/public_html/vendor/magento/module-cms/Controller/Adminhtml/Wysiwyg/Directive.php(60): Magento\Framework\Image\Adapter\Gd2->open('pub/media/wysiw...')
#5 /home/profinallecom/public_html/var/generation/Magento/Cms/Controller/Adminhtml/Wysiwyg/Directive/Interceptor.php(24): Magento\Cms\Controller\Adminhtml\Wysiwyg\Directive->execute()
#6 /home/profinallecom/public_html/vendor/magento/framework/App/Action/Action.php(102): Magento\Cms\Controller\Adminhtml\Wysiwyg\Directive\Interceptor->execute()
#7 /home/profinallecom/public_html/vendor/magento/module-backend/App/AbstractAction.php(226): Magento\Framework\App\Action\Action->dispatch(Object(Magento\Framework\App\Request\Http))
#8 /home/profinallecom/public_html/vendor/magento/framework/Interception/Interceptor.php(74): Magento\Backend\App\AbstractAction->dispatch(Object(Magento\Framework\App\Request\Http))
#9 /home/profinallecom/public_html/vendor/magento/framework/Interception/Chain/Chain.php(70): Magento\Cms\Controller\Adminhtml\Wysiwyg\Directive\Interceptor->___callParent('dispatch', Array)
#10 /home/profinallecom/public_html/vendor/magento/framework/Interception/Chain/Chain.php(63): Magento\Framework\Interception\Chain\Chain->invokeNext('Magento\\Cms\\Con...', 'dispatch', Object(Magento\Cms\Controller\Adminhtml\Wysiwyg\Directive\Interceptor), Array, 'adminAuthentica...')
#11 /home/profinallecom/public_html/vendor/magento/module-backend/App/Action/Plugin/Authentication.php(143): Magento\Framework\Interception\Chain\Chain->Magento\Framework\Interception\Chain\{closure}(Object(Magento\Framework\App\Request\Http))
#12 /home/profinallecom/public_html/vendor/magento/framework/Interception/Chain/Chain.php(67): Magento\Backend\App\Action\Plugin\Authentication->aroundDispatch(Object(Magento\Cms\Controller\Adminhtml\Wysiwyg\Directive\Interceptor), Object(Closure), Object(Magento\Framework\App\Request\Http))
#13 /home/profinallecom/public_html/vendor/magento/framework/Interception/Interceptor.php(138): Magento\Framework\Interception\Chain\Chain->invokeNext('Magento\\Cms\\Con...', 'dispatch', Object(Magento\Cms\Controller\Adminhtml\Wysiwyg\Directive\Interceptor), Array, 'adminMassaction...')
#14 /home/profinallecom/public_html/vendor/magento/module-backend/App/Action/Plugin/MassactionKey.php(33): Magento\Cms\Controller\Adminhtml\Wysiwyg\Directive\Interceptor->Magento\Framework\Interception\{closure}(Object(Magento\Framework\App\Request\Http))
#15 /home/profinallecom/public_html/vendor/magento/framework/Interception/Interceptor.php(142): Magento\Backend\App\Action\Plugin\MassactionKey->aroundDispatch(Object(Magento\Cms\Controller\Adminhtml\Wysiwyg\Directive\Interceptor), Object(Closure), Object(Magento\Framework\App\Request\Http))
#16 /home/profinallecom/public_html/var/generation/Magento/Cms/Controller/Adminhtml/Wysiwyg/Directive/Interceptor.php(39): Magento\Cms\Controller\Adminhtml\Wysiwyg\Directive\Interceptor->___callPlugins('dispatch', Array, Array)
#17 /home/profinallecom/public_html/vendor/magento/framework/App/FrontController.php(55): Magento\Cms\Controller\Adminhtml\Wysiwyg\Directive\Interceptor->dispatch(Object(Magento\Framework\App\Request\Http))
#18 /home/profinallecom/public_html/vendor/magento/framework/Interception/Interceptor.php(74): Magento\Framework\App\FrontController->dispatch(Object(Magento\Framework\App\Request\Http))
#19 /home/profinallecom/public_html/vendor/magento/framework/Interception/Chain/Chain.php(70): Magento\Framework\App\FrontController\Interceptor->___callParent('dispatch', Array)
#20 /home/profinallecom/public_html/vendor/magento/framework/Interception/Interceptor.php(138): Magento\Framework\Interception\Chain\Chain->invokeNext('Magento\\Framewo...', 'dispatch', Object(Magento\Framework\App\FrontController\Interceptor), Array, 'install')
#21 /home/profinallecom/public_html/vendor/magento/framework/Module/Plugin/DbStatusValidator.php(69): Magento\Framework\App\FrontController\Interceptor->Magento\Framework\Interception\{closure}(Object(Magento\Framework\App\Request\Http))
#22 /home/profinallecom/public_html/vendor/magento/framework/Interception/Interceptor.php(142): Magento\Framework\Module\Plugin\DbStatusValidator->aroundDispatch(Object(Magento\Framework\App\FrontController\Interceptor), Object(Closure), Object(Magento\Framework\App\Request\Http))
#23 /home/profinallecom/public_html/var/generation/Magento/Framework/App/FrontController/Interceptor.php(26): Magento\Framework\App\FrontController\Interceptor->___callPlugins('dispatch', Array, Array)
#24 /home/profinallecom/public_html/vendor/magento/framework/App/Http.php(135): Magento\Framework\App\FrontController\Interceptor->dispatch(Object(Magento\Framework\App\Request\Http))
#25 /home/profinallecom/public_html/vendor/magento/framework/App/Bootstrap.php(258): Magento\Framework\App\Http->launch()
#26 /home/profinallecom/public_html/index.php(48): Magento\Framework\App\Bootstrap->run(Object(Magento\Framework\App\Http))
#27 {main} [] []
[2020-02-04 19:14:00] main.CRITICAL: Exception: Warning: getimagesize(pub/media/wysiwyg/magento-logo.png): failed to open stream: No such file or directory in /home/profinallecom/public_html/vendor/magento/framework/Image/Adapter/AbstractAdapter.php on line 304 in /home/profinallecom/public_html/vendor/magento/framework/App/ErrorHandler.php:61
Stack trace:
#0 [internal function]: Magento\Framework\App\ErrorHandler->handler(2, 'getimagesize(pu...', '/home/profinall...', 304, Array)
#1 /home/profinallecom/public_html/vendor/magento/framework/Image/Adapter/AbstractAdapter.php(304): getimagesize('pub/media/wysiw...')
#2 /home/profinallecom/public_html/vendor/magento/framework/Image/Adapter/AbstractAdapter.php(289): Magento\Framework\Image\Adapter\AbstractAdapter->getImageType()
#3 /home/profinallecom/public_html/vendor/magento/framework/Image/Adapter/Gd2.php(59): Magento\Framework\Image\Adapter\AbstractAdapter->getMimeType()
#4 /home/profinallecom/public_html/vendor/magento/module-cms/Controller/Adminhtml/Wysiwyg/Directive.php(60): Magento\Framework\Image\Adapter\Gd2->open('pub/media/wysiw...')
#5 /home/profinallecom/public_html/var/generation/Magento/Cms/Controller/Adminhtml/Wysiwyg/Directive/Interceptor.php(24): Magento\Cms\Controller\Adminhtml\Wysiwyg\Directive->execute()
#6 /home/profinallecom/public_html/vendor/magento/framework/App/Action/Action.php(102): Magento\Cms\Controller\Adminhtml\Wysiwyg\Directive\Interceptor->execute()
#7 /home/profinallecom/public_html/vendor/magento/module-backend/App/AbstractAction.php(226): Magento\Framework\App\Action\Action->dispatch(Object(Magento\Framework\App\Request\Http))
#8 /home/profinallecom/public_html/vendor/magento/framework/Interception/Interceptor.php(74): Magento\Backend\App\AbstractAction->dispatch(Object(Magento\Framework\App\Request\Http))
#9 /home/profinallecom/public_html/vendor/magento/framework/Interception/Chain/Chain.php(70): Magento\Cms\Controller\Adminhtml\Wysiwyg\Directive\Interceptor->___callParent('dispatch', Array)
#10 /home/profinallecom/public_html/vendor/magento/framework/Interception/Chain/Chain.php(63): Magento\Framework\Interception\Chain\Chain->invokeNext('Magento\\Cms\\Con...', 'dispatch', Object(Magento\Cms\Controller\Adminhtml\Wysiwyg\Directive\Interceptor), Array, 'adminAuthentica...')
#11 /home/profinallecom/public_html/vendor/magento/module-backend/App/Action/Plugin/Authentication.php(143): Magento\Framework\Interception\Chain\Chain->Magento\Framework\Interception\Chain\{closure}(Object(Magento\Framework\App\Request\Http))
#12 /home/profinallecom/public_html/vendor/magento/framework/Interception/Chain/Chain.php(67): Magento\Backend\App\Action\Plugin\Authentication->aroundDispatch(Object(Magento\Cms\Controller\Adminhtml\Wysiwyg\Directive\Interceptor), Object(Closure), Object(Magento\Framework\App\Request\Http))
#13 /home/profinallecom/public_html/vendor/magento/framework/Interception/Interceptor.php(138): Magento\Framework\Interception\Chain\Chain->invokeNext('Magento\\Cms\\Con...', 'dispatch', Object(Magento\Cms\Controller\Adminhtml\Wysiwyg\Directive\Interceptor), Array, 'adminMassaction...')
#14 /home/profinallecom/public_html/vendor/magento/module-backend/App/Action/Plugin/MassactionKey.php(33): Magento\Cms\Controller\Adminhtml\Wysiwyg\Directive\Interceptor->Magento\Framework\Interception\{closure}(Object(Magento\Framework\App\Request\Http))
#15 /home/profinallecom/public_html/vendor/magento/framework/Interception/Interceptor.php(142): Magento\Backend\App\Action\Plugin\MassactionKey->aroundDispatch(Object(Magento\Cms\Controller\Adminhtml\Wysiwyg\Directive\Interceptor), Object(Closure), Object(Magento\Framework\App\Request\Http))
#16 /home/profinallecom/public_html/var/generation/Magento/Cms/Controller/Adminhtml/Wysiwyg/Directive/Interceptor.php(39): Magento\Cms\Controller\Adminhtml\Wysiwyg\Directive\Interceptor->___callPlugins('dispatch', Array, Array)
#17 /home/profinallecom/public_html/vendor/magento/framework/App/FrontController.php(55): Magento\Cms\Controller\Adminhtml\Wysiwyg\Directive\Interceptor->dispatch(Object(Magento\Framework\App\Request\Http))
#18 /home/profinallecom/public_html/vendor/magento/framework/Interception/Interceptor.php(74): Magento\Framework\App\FrontController->dispatch(Object(Magento\Framework\App\Request\Http))
#19 /home/profinallecom/public_html/vendor/magento/framework/Interception/Chain/Chain.php(70): Magento\Framework\App\FrontController\Interceptor->___callParent('dispatch', Array)
#20 /home/profinallecom/public_html/vendor/magento/framework/Interception/Interceptor.php(138): Magento\Framework\Interception\Chain\Chain->invokeNext('Magento\\Framewo...', 'dispatch', Object(Magento\Framework\App\FrontController\Interceptor), Array, 'install')
#21 /home/profinallecom/public_html/vendor/magento/framework/Module/Plugin/DbStatusValidator.php(69): Magento\Framework\App\FrontController\Interceptor->Magento\Framework\Interception\{closure}(Object(Magento\Framework\App\Request\Http))
#22 /home/profinallecom/public_html/vendor/magento/framework/Interception/Interceptor.php(142): Magento\Framework\Module\Plugin\DbStatusValidator->aroundDispatch(Object(Magento\Framework\App\FrontController\Interceptor), Object(Closure), Object(Magento\Framework\App\Request\Http))
#23 /home/profinallecom/public_html/var/generation/Magento/Framework/App/FrontController/Interceptor.php(26): Magento\Framework\App\FrontController\Interceptor->___callPlugins('dispatch', Array, Array)
#24 /home/profinallecom/public_html/vendor/magento/framework/App/Http.php(135): Magento\Framework\App\FrontController\Interceptor->dispatch(Object(Magento\Framework\App\Request\Http))
#25 /home/profinallecom/public_html/vendor/magento/framework/App/Bootstrap.php(258): Magento\Framework\App\Http->launch()
#26 /home/profinallecom/public_html/index.php(48): Magento\Framework\App\Bootstrap->run(Object(Magento\Framework\App\Http))
#27 {main} [] []
