
15/11/2019 04:24:20 PagSeguro.Transactions.Notification[info]: Begin
15/11/2019 04:24:20 PagSeguro.Transactions.Notification[info]: Begin
15/11/2019 04:24:21 PagSeguro.Transactions.Notification[info]: GET: https://ws.pagseguro.uol.com.br/v3/transactions/notifications/B364FF-EE9ED39ED3FB-6884472FB2FC-729161?email=sato%40artemolduras.com.br&token=839420C089844AEAB9D8407B65CCBECA
15/11/2019 04:24:21 PagSeguro.Transactions.Notification[info]: GET: https://ws.pagseguro.uol.com.br/v3/transactions/notifications/B364FF-EE9ED39ED3FB-6884472FB2FC-729161?email=sato%40artemolduras.com.br&token=839420C089844AEAB9D8407B65CCBECA
15/11/2019 04:24:22 PagSeguro.Transactions.Notification[info]: Date: 2019-10-16T15:03:33.000-03:00, Code: 0EEADA1A-9BB5-46D0-8924-BC038F5DFAD0
15/11/2019 04:24:22 PagSeguro.Transactions.Notification[info]: Date: 2019-10-16T15:03:33.000-03:00, Code: 0EEADA1A-9BB5-46D0-8924-BC038F5DFAD0
15/11/2019 04:24:25 PagSeguro.Transactions.Notification[info]: Begin
15/11/2019 04:24:25 PagSeguro.Transactions.Notification[info]: GET: https://ws.pagseguro.uol.com.br/v3/transactions/notifications/B364FF-EE9ED39ED3FB-6884472FB2FC-729161?email=sato%40artemolduras.com.br&token=839420C089844AEAB9D8407B65CCBECA
15/11/2019 04:24:26 PagSeguro.Transactions.Notification[info]: Date: 2019-10-16T15:03:33.000-03:00, Code: 0EEADA1A-9BB5-46D0-8924-BC038F5DFAD0
02/12/2019 13:34:08 PagSeguro.DirectPayment.Boleto[info]: Begin
02/12/2019 13:34:08 PagSeguro.DirectPayment.Boleto[info]: POST: https://ws.pagseguro.uol.com.br/v2/transactions/?email=sato%40artemolduras.com.br&token=839420C089844AEAB9D8407B65CCBECA
02/12/2019 13:34:08 PagSeguro.Checkout[info]: Params: {"reference":"5b32ac9341","notificationURL":"https:\/\/www.profinalle.com.br\/pagseguro\/notification\/response","currency":"BRL","extraAmount":"0.00","itemId1":"516","itemDescription1":"Roda-teto mod A barra de 2 metros","itemQuantity1":1,"itemAmount1":"68.31","paymentMethod":"boleto","senderName":"Gilvan Oliveria","senderEmail":"gilvan@iw3.com.br","senderAreaCode":"11","senderPhone":"(**) 95555-****","senderCPF":"349.***.***-**","senderHash":"b68b983a0a8de6dfc2b0f13454fcca72b03c5a49d7dbdebc9f0bba3ecb916e41","shippingType":3,"shippingCost":"33.28","shippingAddressStreet":"Pra\u00e7a da S","shippingAddressNumber":"1","shippingAddressComplement":"Pra\u00e7a","shippingAddressCity":"S\u00e3o Paulo","shippingAddressState":"SP","shippingAddressDistrict":"Pra\u00e7a da S","shippingAddressPostalCode":"01001000","shippingAddressCountry":"Brasil"}
02/12/2019 13:34:13 PagSeguro.DirectPayment.Boleto[info]: Boleto Payment Link URL: https://pagseguro.uol.com.br/checkout/payment/booklet/print.jhtml?c=0b429599afc4b7d1212e50112af77439111d47c9bd8664146a26d9a9ab7d4da4a41b0f3646620b8d
02/12/2019 13:34:13 PagSeguro.Transactions.Notification[info]: Begin
02/12/2019 13:34:13 PagSeguro.Transactions.Notification[info]: GET: https://ws.pagseguro.uol.com.br/v3/transactions/notifications/58566F-222D482D48F0-1CC4D81F98FD-B5E46E?email=sato%40artemolduras.com.br&token=839420C089844AEAB9D8407B65CCBECA
02/12/2019 13:34:14 PagSeguro.Transactions.Notification[info]: Date: 2019-12-02T13:34:09.000-03:00, Code: 2FFB1C9C-F8B5-4B97-A5B3-3197CA045832
02/12/2019 13:38:30 PagSeguro.DirectPayment.Boleto[info]: Begin
02/12/2019 13:38:30 PagSeguro.DirectPayment.Boleto[info]: POST: https://ws.pagseguro.uol.com.br/v2/transactions/?email=sato%40artemolduras.com.br&token=839420C089844AEAB9D8407B65CCBECA
02/12/2019 13:38:30 PagSeguro.Checkout[info]: Params: {"reference":"5b32ac9342","notificationURL":"https:\/\/www.profinalle.com.br\/pagseguro\/notification\/response","currency":"BRL","extraAmount":"0.00","itemId1":"517","itemDescription1":"Roda-Meio mod S2 barra de 2 metros","itemQuantity1":1,"itemAmount1":"27.10","paymentMethod":"boleto","senderName":"Gilvan Oliveria","senderEmail":"gilvan@iw3.com.br","senderAreaCode":"11","senderPhone":"(**) 95555-****","senderCPF":"349.***.***-**","senderHash":"98534060571ad148f7ffda000d27e94c58ddb05b34e343291bd78bed7ff8f651","shippingType":3,"shippingCost":"31.68","shippingAddressStreet":"Pra\u00e7a da S","shippingAddressNumber":"1","shippingAddressComplement":"Pra\u00e7a","shippingAddressCity":"S\u00e3o Paulo","shippingAddressState":"SP","shippingAddressDistrict":"Pra\u00e7a da S","shippingAddressPostalCode":"01001000","shippingAddressCountry":"Brasil"}
02/12/2019 13:38:35 PagSeguro.DirectPayment.Boleto[info]: Boleto Payment Link URL: https://pagseguro.uol.com.br/checkout/payment/booklet/print.jhtml?c=4cf0c2e2fa59030eceff03f80c870c82b2dc242a28f5712b5ecac7c912d24e41fad5f2da5a943181
02/12/2019 13:38:35 PagSeguro.Transactions.Notification[info]: Begin
02/12/2019 13:38:35 PagSeguro.Transactions.Notification[info]: GET: https://ws.pagseguro.uol.com.br/v3/transactions/notifications/574C72-EAAB7EAB7E50-7EE41EDF9D05-334F64?email=sato%40artemolduras.com.br&token=839420C089844AEAB9D8407B65CCBECA
02/12/2019 13:38:36 PagSeguro.Transactions.Notification[info]: Date: 2019-12-02T13:38:31.000-03:00, Code: 24390F11-6430-423C-BB52-0F27284FCBAC
02/12/2019 13:44:19 PagSeguro.DirectPayment.Boleto[info]: Begin
02/12/2019 13:44:19 PagSeguro.DirectPayment.Boleto[info]: POST: https://ws.pagseguro.uol.com.br/v2/transactions/?email=sato%40artemolduras.com.br&token=839420C089844AEAB9D8407B65CCBECA
02/12/2019 13:44:19 PagSeguro.Checkout[info]: Params: {"reference":"5b32ac9343","notificationURL":"https:\/\/www.profinalle.com.br\/pagseguro\/notification\/response","currency":"BRL","extraAmount":"0.00","itemId1":"518","itemDescription1":"Rosetas mod R40","itemQuantity1":1,"itemAmount1":"42.79","paymentMethod":"boleto","senderName":"Gilvan Oliveria","senderEmail":"gilvan@iw3.com.br","senderAreaCode":"11","senderPhone":"(**) 95555-****","senderCPF":"349.***.***-**","senderHash":"e4b05aec4f5d9067d7277d2d532f7b536bb5fa0e954c19ca58338775c0b49536","shippingType":3,"shippingCost":"47.19","shippingAddressStreet":"Pra\u00e7a da S","shippingAddressNumber":"1","shippingAddressComplement":"Pra\u00e7a","shippingAddressCity":"S\u00e3o Paulo","shippingAddressState":"SP","shippingAddressDistrict":"Pra\u00e7a da S","shippingAddressPostalCode":"01001000","shippingAddressCountry":"Brasil"}
02/12/2019 13:44:23 PagSeguro.DirectPayment.Boleto[info]: Boleto Payment Link URL: https://pagseguro.uol.com.br/checkout/payment/booklet/print.jhtml?c=c8e778279e40ce946300eb777060f6bb8884686c4f20026975f9322c92babba80db380336dceca3b
02/12/2019 13:44:23 PagSeguro.Transactions.Notification[info]: Begin
02/12/2019 13:44:23 PagSeguro.Transactions.Notification[info]: GET: https://ws.pagseguro.uol.com.br/v3/transactions/notifications/A987AC-8E22C422C429-4EE4641F98B1-3589F4?email=sato%40artemolduras.com.br&token=839420C089844AEAB9D8407B65CCBECA
02/12/2019 13:44:24 PagSeguro.Transactions.Notification[info]: Date: 2019-12-02T13:44:20.000-03:00, Code: C9769B41-4C1C-4F09-B00E-ED0DF99CDA2B
02/12/2019 13:49:06 PagSeguro.DirectPayment.Boleto[info]: Begin
02/12/2019 13:49:06 PagSeguro.DirectPayment.Boleto[info]: POST: https://ws.pagseguro.uol.com.br/v2/transactions/?email=sato%40artemolduras.com.br&token=839420C089844AEAB9D8407B65CCBECA
02/12/2019 13:49:06 PagSeguro.Checkout[info]: Params: {"reference":"5b32ac9344","notificationURL":"https:\/\/www.profinalle.com.br\/pagseguro\/notification\/response","currency":"BRL","extraAmount":"0.00","itemId1":"519","itemDescription1":"Canto mod Z101N","itemQuantity1":1,"itemAmount1":"93.19","paymentMethod":"boleto","senderName":"Gilvan Oliveria","senderEmail":"gilvan@iw3.com.br","senderAreaCode":"11","senderPhone":"(**) 95555-****","senderCPF":"349.***.***-**","senderHash":"8d686eff1e4ac24f828c6c6f95aa9df1fc4ffd7e6c7920b9dab722610005a8a5","shippingType":3,"shippingCost":"32.68","shippingAddressStreet":"Pra\u00e7a da S","shippingAddressNumber":"1","shippingAddressComplement":"Pra\u00e7a","shippingAddressCity":"S\u00e3o Paulo","shippingAddressState":"SP","shippingAddressDistrict":"Pra\u00e7a da S","shippingAddressPostalCode":"01001000","shippingAddressCountry":"Brasil"}
02/12/2019 13:49:11 PagSeguro.DirectPayment.Boleto[info]: Boleto Payment Link URL: https://pagseguro.uol.com.br/checkout/payment/booklet/print.jhtml?c=67dd623652ba82f11c895c4e3f58edcf566ae3d3f18ab6ebf270fabad7fee72b787d5bf4938d3535
02/12/2019 13:49:11 PagSeguro.Transactions.Notification[info]: Begin
02/12/2019 13:49:11 PagSeguro.Transactions.Notification[info]: GET: https://ws.pagseguro.uol.com.br/v3/transactions/notifications/0CD74E-48492C492C56-4DD4B4EFA02B-0EC2DA?email=sato%40artemolduras.com.br&token=839420C089844AEAB9D8407B65CCBECA
02/12/2019 13:49:12 PagSeguro.Transactions.Notification[info]: Date: 2019-12-02T13:49:07.000-03:00, Code: 6C81D3B2-D043-43F6-9254-EBEC3095098B
15/12/2019 08:08:47 PagSeguro.Transactions.Notification[info]: Begin
15/12/2019 08:08:47 PagSeguro.Transactions.Notification[info]: GET: https://ws.pagseguro.uol.com.br/v3/transactions/notifications/0F5E77-D47EAB7EAB6C-3224585F80CD-A6CB96?email=sato%40artemolduras.com.br&token=839420C089844AEAB9D8407B65CCBECA
15/12/2019 08:08:49 PagSeguro.Transactions.Notification[info]: Date: 2019-12-02T13:34:09.000-03:00, Code: 2FFB1C9C-F8B5-4B97-A5B3-3197CA045832
15/12/2019 08:08:51 PagSeguro.Transactions.Notification[info]: Begin
15/12/2019 08:08:51 PagSeguro.Transactions.Notification[info]: GET: https://ws.pagseguro.uol.com.br/v3/transactions/notifications/0F5E77-D47EAB7EAB6C-3224585F80CD-A6CB96?email=sato%40artemolduras.com.br&token=839420C089844AEAB9D8407B65CCBECA
15/12/2019 08:08:52 PagSeguro.Transactions.Notification[info]: Date: 2019-12-02T13:34:09.000-03:00, Code: 2FFB1C9C-F8B5-4B97-A5B3-3197CA045832
15/12/2019 08:09:04 PagSeguro.Transactions.Notification[info]: Begin
15/12/2019 08:09:04 PagSeguro.Transactions.Notification[info]: GET: https://ws.pagseguro.uol.com.br/v3/transactions/notifications/54F183-706AA66AA6FA-0334E96F8A0F-61A5B9?email=sato%40artemolduras.com.br&token=839420C089844AEAB9D8407B65CCBECA
15/12/2019 08:09:06 PagSeguro.Transactions.Notification[info]: Date: 2019-12-02T13:38:31.000-03:00, Code: 24390F11-6430-423C-BB52-0F27284FCBAC
15/12/2019 08:09:07 PagSeguro.Transactions.Notification[info]: Begin
15/12/2019 08:09:07 PagSeguro.Transactions.Notification[info]: GET: https://ws.pagseguro.uol.com.br/v3/transactions/notifications/54F183-706AA66AA6FA-0334E96F8A0F-61A5B9?email=sato%40artemolduras.com.br&token=839420C089844AEAB9D8407B65CCBECA
15/12/2019 08:09:08 PagSeguro.Transactions.Notification[info]: Date: 2019-12-02T13:38:31.000-03:00, Code: 24390F11-6430-423C-BB52-0F27284FCBAC
15/12/2019 08:09:37 PagSeguro.Transactions.Notification[info]: Begin
15/12/2019 08:09:37 PagSeguro.Transactions.Notification[info]: GET: https://ws.pagseguro.uol.com.br/v3/transactions/notifications/D50BF5-8A515851584E-78844A7FB4C4-AAA83D?email=sato%40artemolduras.com.br&token=839420C089844AEAB9D8407B65CCBECA
15/12/2019 08:09:37 PagSeguro.Transactions.Notification[info]: Date: 2019-12-02T13:44:20.000-03:00, Code: C9769B41-4C1C-4F09-B00E-ED0DF99CDA2B
15/12/2019 08:09:39 PagSeguro.Transactions.Notification[info]: Begin
15/12/2019 08:09:39 PagSeguro.Transactions.Notification[info]: GET: https://ws.pagseguro.uol.com.br/v3/transactions/notifications/D50BF5-8A515851584E-78844A7FB4C4-AAA83D?email=sato%40artemolduras.com.br&token=839420C089844AEAB9D8407B65CCBECA
15/12/2019 08:09:40 PagSeguro.Transactions.Notification[info]: Date: 2019-12-02T13:44:20.000-03:00, Code: C9769B41-4C1C-4F09-B00E-ED0DF99CDA2B
15/12/2019 08:09:54 PagSeguro.Transactions.Notification[info]: Begin
15/12/2019 08:09:54 PagSeguro.Transactions.Notification[info]: GET: https://ws.pagseguro.uol.com.br/v3/transactions/notifications/185866-6BC49FC49FB9-47743E3FB501-821D8B?email=sato%40artemolduras.com.br&token=839420C089844AEAB9D8407B65CCBECA
15/12/2019 08:09:55 PagSeguro.Transactions.Notification[info]: Date: 2019-12-02T13:49:07.000-03:00, Code: 6C81D3B2-D043-43F6-9254-EBEC3095098B
15/12/2019 08:09:56 PagSeguro.Transactions.Notification[info]: Begin
15/12/2019 08:09:56 PagSeguro.Transactions.Notification[info]: GET: https://ws.pagseguro.uol.com.br/v3/transactions/notifications/185866-6BC49FC49FB9-47743E3FB501-821D8B?email=sato%40artemolduras.com.br&token=839420C089844AEAB9D8407B65CCBECA
15/12/2019 08:09:57 PagSeguro.Transactions.Notification[info]: Date: 2019-12-02T13:49:07.000-03:00, Code: 6C81D3B2-D043-43F6-9254-EBEC3095098B